{"C:\\Users\\ibrai\\BYU-online\\cse341-team-project\\FinalProject-BookManager\\app.js": {"path":"C:\\Users\\ibrai\\BYU-online\\cse341-team-project\\FinalProject-BookManager\\app.js","statementMap":{"0":{"start":{"line":1,"column":16},"end":{"line":1,"column":34}},"1":{"start":{"line":2,"column":19},"end":{"line":2,"column":41}},"2":{"start":{"line":4,"column":12},"end":{"line":4,"column":21}},"3":{"start":{"line":6,"column":0},"end":{"line":21,"column":35}},"4":{"start":{"line":10,"column":8},"end":{"line":10,"column":58}},"5":{"start":{"line":11,"column":8},"end":{"line":14,"column":10}},"6":{"start":{"line":15,"column":8},"end":{"line":18,"column":10}},"7":{"start":{"line":19,"column":8},"end":{"line":19,"column":15}},"8":{"start":{"line":23,"column":0},"end":{"line":23,"column":21}}},"fnMap":{"0":{"name":"(anonymous_0)","decl":{"start":{"line":9,"column":9},"end":{"line":9,"column":10}},"loc":{"start":{"line":9,"column":29},"end":{"line":20,"column":5}},"line":9}},"branchMap":{},"s":{"0":1,"1":1,"2":1,"3":1,"4":2,"5":2,"6":2,"7":2,"8":1},"f":{"0":2},"b":{},"_coverageSchema":"1a1c01bbd47fc00a2c39e90264f33305004495a9","hash":"6dba142fb523a1cd1c4822596c9932baf4d88478"}
,"C:\\Users\\ibrai\\BYU-online\\cse341-team-project\\FinalProject-BookManager\\controllers\\controller.js": {"path":"C:\\Users\\ibrai\\BYU-online\\cse341-team-project\\FinalProject-BookManager\\controllers\\controller.js","statementMap":{"0":{"start":{"line":2,"column":0},"end":{"line":2,"column":27}},"1":{"start":{"line":3,"column":14},"end":{"line":3,"column":30}},"2":{"start":{"line":4,"column":16},"end":{"line":4,"column":43}},"3":{"start":{"line":5,"column":17},"end":{"line":5,"column":44}},"4":{"start":{"line":6,"column":14},"end":{"line":6,"column":39}},"5":{"start":{"line":7,"column":22},"end":{"line":7,"column":56}},"6":{"start":{"line":10,"column":23},"end":{"line":19,"column":1}},"7":{"start":{"line":11,"column":2},"end":{"line":18,"column":3}},"8":{"start":{"line":12,"column":2},"end":{"line":12,"column":20}},"9":{"start":{"line":13,"column":15},"end":{"line":13,"column":41}},"10":{"start":{"line":14,"column":2},"end":{"line":14,"column":52}},"11":{"start":{"line":15,"column":2},"end":{"line":15,"column":31}},"12":{"start":{"line":17,"column":4},"end":{"line":17,"column":30}},"13":{"start":{"line":21,"column":21},"end":{"line":34,"column":1}},"14":{"start":{"line":23,"column":2},"end":{"line":33,"column":3}},"15":{"start":{"line":24,"column":24},"end":{"line":24,"column":33}},"16":{"start":{"line":25,"column":2},"end":{"line":25,"column":26}},"17":{"start":{"line":26,"column":17},"end":{"line":26,"column":96}},"18":{"start":{"line":27,"column":2},"end":{"line":30,"column":5}},"19":{"start":{"line":28,"column":4},"end":{"line":28,"column":54}},"20":{"start":{"line":29,"column":4},"end":{"line":29,"column":32}},"21":{"start":{"line":32,"column":4},"end":{"line":32,"column":30}},"22":{"start":{"line":36,"column":22},"end":{"line":52,"column":1}},"23":{"start":{"line":37,"column":2},"end":{"line":51,"column":1}},"24":{"start":{"line":38,"column":2},"end":{"line":38,"column":23}},"25":{"start":{"line":39,"column":17},"end":{"line":39,"column":44}},"26":{"start":{"line":40,"column":17},"end":{"line":44,"column":26}},"27":{"start":{"line":45,"column":2},"end":{"line":48,"column":5}},"28":{"start":{"line":46,"column":4},"end":{"line":46,"column":54}},"29":{"start":{"line":47,"column":4},"end":{"line":47,"column":35}},"30":{"start":{"line":50,"column":2},"end":{"line":50,"column":28}},"31":{"start":{"line":55,"column":19},"end":{"line":85,"column":1}},"32":{"start":{"line":56,"column":0},"end":{"line":84,"column":1}},"33":{"start":{"line":57,"column":2},"end":{"line":60,"column":3}},"34":{"start":{"line":58,"column":4},"end":{"line":58,"column":67}},"35":{"start":{"line":59,"column":4},"end":{"line":59,"column":11}},"36":{"start":{"line":64,"column":2},"end":{"line":64,"column":36}},"37":{"start":{"line":65,"column":2},"end":{"line":65,"column":31}},"38":{"start":{"line":66,"column":15},"end":{"line":74,"column":3}},"39":{"start":{"line":76,"column":19},"end":{"line":76,"column":94}},"40":{"start":{"line":77,"column":2},"end":{"line":81,"column":3}},"41":{"start":{"line":78,"column":4},"end":{"line":78,"column":35}},"42":{"start":{"line":80,"column":4},"end":{"line":80,"column":91}},"43":{"start":{"line":83,"column":2},"end":{"line":83,"column":28}},"44":{"start":{"line":87,"column":19},"end":{"line":123,"column":1}},"45":{"start":{"line":89,"column":2},"end":{"line":122,"column":1}},"46":{"start":{"line":92,"column":2},"end":{"line":95,"column":3}},"47":{"start":{"line":93,"column":4},"end":{"line":93,"column":67}},"48":{"start":{"line":94,"column":4},"end":{"line":94,"column":11}},"49":{"start":{"line":97,"column":17},"end":{"line":97,"column":44}},"50":{"start":{"line":99,"column":15},"end":{"line":107,"column":3}},"51":{"start":{"line":108,"column":19},"end":{"line":112,"column":45}},"52":{"start":{"line":113,"column":2},"end":{"line":113,"column":24}},"53":{"start":{"line":114,"column":2},"end":{"line":118,"column":3}},"54":{"start":{"line":115,"column":4},"end":{"line":115,"column":27}},"55":{"start":{"line":117,"column":4},"end":{"line":117,"column":94}},"56":{"start":{"line":121,"column":2},"end":{"line":121,"column":28}},"57":{"start":{"line":125,"column":19},"end":{"line":139,"column":1}},"58":{"start":{"line":126,"column":2},"end":{"line":138,"column":1}},"59":{"start":{"line":127,"column":17},"end":{"line":127,"column":44}},"60":{"start":{"line":129,"column":19},"end":{"line":129,"column":111}},"61":{"start":{"line":130,"column":2},"end":{"line":130,"column":24}},"62":{"start":{"line":131,"column":2},"end":{"line":135,"column":3}},"63":{"start":{"line":132,"column":4},"end":{"line":132,"column":27}},"64":{"start":{"line":134,"column":4},"end":{"line":134,"column":94}},"65":{"start":{"line":137,"column":2},"end":{"line":137,"column":28}},"66":{"start":{"line":150,"column":14},"end":{"line":154,"column":1}},"67":{"start":{"line":151,"column":4},"end":{"line":153,"column":6}},"68":{"start":{"line":157,"column":15},"end":{"line":157,"column":29}},"69":{"start":{"line":158,"column":15},"end":{"line":162,"column":3}},"70":{"start":{"line":163,"column":15},"end":{"line":163,"column":58}},"71":{"start":{"line":164,"column":19},"end":{"line":164,"column":94}},"72":{"start":{"line":165,"column":2},"end":{"line":165,"column":23}},"73":{"start":{"line":166,"column":2},"end":{"line":166,"column":30}},"74":{"start":{"line":169,"column":22},"end":{"line":184,"column":1}},"75":{"start":{"line":173,"column":13},"end":{"line":173,"column":27}},"76":{"start":{"line":174,"column":13},"end":{"line":178,"column":1}},"77":{"start":{"line":179,"column":13},"end":{"line":179,"column":56}},"78":{"start":{"line":180,"column":17},"end":{"line":180,"column":92}},"79":{"start":{"line":182,"column":0},"end":{"line":182,"column":50}},"80":{"start":{"line":188,"column":19},"end":{"line":188,"column":32}},"81":{"start":{"line":189,"column":2},"end":{"line":202,"column":3}},"82":{"start":{"line":190,"column":4},"end":{"line":190,"column":25}},"83":{"start":{"line":191,"column":19},"end":{"line":195,"column":30}},"84":{"start":{"line":196,"column":4},"end":{"line":199,"column":7}},"85":{"start":{"line":197,"column":6},"end":{"line":197,"column":56}},"86":{"start":{"line":198,"column":6},"end":{"line":198,"column":37}},"87":{"start":{"line":201,"column":4},"end":{"line":201,"column":30}},"88":{"start":{"line":208,"column":0},"end":{"line":226,"column":2}}},"fnMap":{"0":{"name":"(anonymous_0)","decl":{"start":{"line":10,"column":23},"end":{"line":10,"column":24}},"loc":{"start":{"line":10,"column":49},"end":{"line":19,"column":1}},"line":10},"1":{"name":"(anonymous_1)","decl":{"start":{"line":21,"column":21},"end":{"line":21,"column":22}},"loc":{"start":{"line":21,"column":47},"end":{"line":34,"column":1}},"line":21},"2":{"name":"(anonymous_2)","decl":{"start":{"line":27,"column":24},"end":{"line":27,"column":25}},"loc":{"start":{"line":27,"column":35},"end":{"line":30,"column":3}},"line":27},"3":{"name":"(anonymous_3)","decl":{"start":{"line":36,"column":22},"end":{"line":36,"column":23}},"loc":{"start":{"line":36,"column":48},"end":{"line":52,"column":1}},"line":36},"4":{"name":"(anonymous_4)","decl":{"start":{"line":45,"column":24},"end":{"line":45,"column":25}},"loc":{"start":{"line":45,"column":35},"end":{"line":48,"column":3}},"line":45},"5":{"name":"(anonymous_5)","decl":{"start":{"line":55,"column":19},"end":{"line":55,"column":20}},"loc":{"start":{"line":55,"column":39},"end":{"line":85,"column":1}},"line":55},"6":{"name":"(anonymous_6)","decl":{"start":{"line":87,"column":19},"end":{"line":87,"column":20}},"loc":{"start":{"line":87,"column":39},"end":{"line":123,"column":1}},"line":87},"7":{"name":"(anonymous_7)","decl":{"start":{"line":125,"column":19},"end":{"line":125,"column":20}},"loc":{"start":{"line":125,"column":39},"end":{"line":139,"column":1}},"line":125},"8":{"name":"(anonymous_8)","decl":{"start":{"line":150,"column":14},"end":{"line":150,"column":15}},"loc":{"start":{"line":150,"column":31},"end":{"line":154,"column":1}},"line":150},"9":{"name":"receive","decl":{"start":{"line":156,"column":15},"end":{"line":156,"column":22}},"loc":{"start":{"line":156,"column":33},"end":{"line":167,"column":1}},"line":156},"10":{"name":"(anonymous_10)","decl":{"start":{"line":169,"column":22},"end":{"line":169,"column":23}},"loc":{"start":{"line":169,"column":40},"end":{"line":184,"column":1}},"line":169},"11":{"name":"findContent","decl":{"start":{"line":187,"column":15},"end":{"line":187,"column":26}},"loc":{"start":{"line":187,"column":36},"end":{"line":204,"column":1}},"line":187},"12":{"name":"(anonymous_12)","decl":{"start":{"line":196,"column":26},"end":{"line":196,"column":27}},"loc":{"start":{"line":196,"column":37},"end":{"line":199,"column":5}},"line":196}},"branchMap":{"0":{"loc":{"start":{"line":57,"column":2},"end":{"line":60,"column":3}},"type":"if","locations":[{"start":{"line":57,"column":2},"end":{"line":60,"column":3}},{"start":{},"end":{}}],"line":57},"1":{"loc":{"start":{"line":77,"column":2},"end":{"line":81,"column":3}},"type":"if","locations":[{"start":{"line":77,"column":2},"end":{"line":81,"column":3}},{"start":{"line":79,"column":9},"end":{"line":81,"column":3}}],"line":77},"2":{"loc":{"start":{"line":80,"column":25},"end":{"line":80,"column":89}},"type":"binary-expr","locations":[{"start":{"line":80,"column":25},"end":{"line":80,"column":39}},{"start":{"line":80,"column":43},"end":{"line":80,"column":89}}],"line":80},"3":{"loc":{"start":{"line":92,"column":2},"end":{"line":95,"column":3}},"type":"if","locations":[{"start":{"line":92,"column":2},"end":{"line":95,"column":3}},{"start":{},"end":{}}],"line":92},"4":{"loc":{"start":{"line":114,"column":2},"end":{"line":118,"column":3}},"type":"if","locations":[{"start":{"line":114,"column":2},"end":{"line":118,"column":3}},{"start":{"line":116,"column":9},"end":{"line":118,"column":3}}],"line":114},"5":{"loc":{"start":{"line":117,"column":25},"end":{"line":117,"column":92}},"type":"binary-expr","locations":[{"start":{"line":117,"column":25},"end":{"line":117,"column":39}},{"start":{"line":117,"column":43},"end":{"line":117,"column":92}}],"line":117},"6":{"loc":{"start":{"line":131,"column":2},"end":{"line":135,"column":3}},"type":"if","locations":[{"start":{"line":131,"column":2},"end":{"line":135,"column":3}},{"start":{"line":133,"column":9},"end":{"line":135,"column":3}}],"line":131},"7":{"loc":{"start":{"line":134,"column":25},"end":{"line":134,"column":92}},"type":"binary-expr","locations":[{"start":{"line":134,"column":25},"end":{"line":134,"column":39}},{"start":{"line":134,"column":43},"end":{"line":134,"column":92}}],"line":134}},"s":{"0":1,"1":1,"2":1,"3":1,"4":1,"5":1,"6":1,"7":2,"8":2,"9":2,"10":2,"11":2,"12":0,"13":1,"14":0,"15":0,"16":0,"17":0,"18":0,"19":0,"20":0,"21":0,"22":1,"23":0,"24":0,"25":0,"26":0,"27":0,"28":0,"29":0,"30":0,"31":1,"32":0,"33":0,"34":0,"35":0,"36":0,"37":0,"38":0,"39":0,"40":0,"41":0,"42":0,"43":0,"44":1,"45":0,"46":0,"47":0,"48":0,"49":0,"50":0,"51":0,"52":0,"53":0,"54":0,"55":0,"56":0,"57":1,"58":0,"59":0,"60":0,"61":0,"62":0,"63":0,"64":0,"65":0,"66":1,"67":0,"68":0,"69":0,"70":0,"71":0,"72":0,"73":0,"74":1,"75":0,"76":0,"77":0,"78":0,"79":0,"80":0,"81":0,"82":0,"83":0,"84":0,"85":0,"86":0,"87":0,"88":1},"f":{"0":2,"1":0,"2":0,"3":0,"4":0,"5":0,"6":0,"7":0,"8":0,"9":0,"10":0,"11":0,"12":0},"b":{"0":[0,0],"1":[0,0],"2":[0,0],"3":[0,0],"4":[0,0],"5":[0,0],"6":[0,0],"7":[0,0]},"_coverageSchema":"1a1c01bbd47fc00a2c39e90264f33305004495a9","hash":"44de3e6b47cd928739f8a0ac705f634c08d90fcb"}
,"C:\\Users\\ibrai\\BYU-online\\cse341-team-project\\FinalProject-BookManager\\db\\connection.js": {"path":"C:\\Users\\ibrai\\BYU-online\\cse341-team-project\\FinalProject-BookManager\\db\\connection.js","statementMap":{"0":{"start":{"line":1,"column":11},"end":{"line":1,"column":30}},"1":{"start":{"line":2,"column":15},"end":{"line":2,"column":32}},"2":{"start":{"line":4,"column":0},"end":{"line":4,"column":16}},"3":{"start":{"line":6,"column":12},"end":{"line":6,"column":35}},"4":{"start":{"line":8,"column":18},"end":{"line":15,"column":1}},"5":{"start":{"line":9,"column":4},"end":{"line":13,"column":7}},"6":{"start":{"line":14,"column":4},"end":{"line":14,"column":41}},"7":{"start":{"line":17,"column":0},"end":{"line":17,"column":27}}},"fnMap":{"0":{"name":"(anonymous_0)","decl":{"start":{"line":8,"column":18},"end":{"line":8,"column":19}},"loc":{"start":{"line":8,"column":30},"end":{"line":15,"column":1}},"line":8}},"branchMap":{},"s":{"0":1,"1":1,"2":1,"3":1,"4":1,"5":0,"6":0,"7":1},"f":{"0":0},"b":{},"_coverageSchema":"1a1c01bbd47fc00a2c39e90264f33305004495a9","hash":"e885e58de8ee834bd94521c82ce9b79afc8b8a86"}
,"C:\\Users\\ibrai\\BYU-online\\cse341-team-project\\FinalProject-BookManager\\middleware\\auth.js": {"path":"C:\\Users\\ibrai\\BYU-online\\cse341-team-project\\FinalProject-BookManager\\middleware\\auth.js","statementMap":{"0":{"start":{"line":1,"column":14},"end":{"line":1,"column":30}},"1":{"start":{"line":4,"column":2},"end":{"line":12,"column":3}},"2":{"start":{"line":5,"column":18},"end":{"line":5,"column":43}},"3":{"start":{"line":6,"column":17},"end":{"line":6,"column":48}},"4":{"start":{"line":7,"column":21},"end":{"line":7,"column":73}},"5":{"start":{"line":8,"column":4},"end":{"line":8,"column":30}},"6":{"start":{"line":9,"column":4},"end":{"line":9,"column":10}},"7":{"start":{"line":11,"column":4},"end":{"line":11,"column":57}},"8":{"start":{"line":15,"column":0},"end":{"line":17,"column":1}}},"fnMap":{"0":{"name":"auth","decl":{"start":{"line":3,"column":15},"end":{"line":3,"column":19}},"loc":{"start":{"line":3,"column":35},"end":{"line":13,"column":1}},"line":3}},"branchMap":{},"s":{"0":1,"1":0,"2":0,"3":0,"4":0,"5":0,"6":0,"7":0,"8":1},"f":{"0":0},"b":{},"_coverageSchema":"1a1c01bbd47fc00a2c39e90264f33305004495a9","hash":"0145d184a57fcc5248ad5970e5dd27bb0746ab1b"}
,"C:\\Users\\ibrai\\BYU-online\\cse341-team-project\\FinalProject-BookManager\\models\\wishlistModel.js": {"path":"C:\\Users\\ibrai\\BYU-online\\cse341-team-project\\FinalProject-BookManager\\models\\wishlistModel.js","statementMap":{"0":{"start":{"line":1,"column":17},"end":{"line":1,"column":36}},"1":{"start":{"line":3,"column":19},"end":{"line":3,"column":27}},"2":{"start":{"line":5,"column":17},"end":{"line":31,"column":2}},"3":{"start":{"line":33,"column":22},"end":{"line":33,"column":58}},"4":{"start":{"line":34,"column":0},"end":{"line":34,"column":31}}},"fnMap":{},"branchMap":{},"s":{"0":1,"1":1,"2":1,"3":1,"4":1},"f":{},"b":{},"_coverageSchema":"1a1c01bbd47fc00a2c39e90264f33305004495a9","hash":"a01fc9f7063694f3b975d91399e4b7eb0585a800"}
,"C:\\Users\\ibrai\\BYU-online\\cse341-team-project\\FinalProject-BookManager\\routes\\index.js": {"path":"C:\\Users\\ibrai\\BYU-online\\cse341-team-project\\FinalProject-BookManager\\routes\\index.js","statementMap":{"0":{"start":{"line":1,"column":16},"end":{"line":1,"column":34}},"1":{"start":{"line":2,"column":15},"end":{"line":2,"column":31}},"2":{"start":{"line":3,"column":0},"end":{"line":3,"column":36}},"3":{"start":{"line":4,"column":0},"end":{"line":4,"column":45}},"4":{"start":{"line":6,"column":0},"end":{"line":6,"column":24}}},"fnMap":{},"branchMap":{},"s":{"0":1,"1":1,"2":1,"3":1,"4":1},"f":{},"b":{},"_coverageSchema":"1a1c01bbd47fc00a2c39e90264f33305004495a9","hash":"9862f1e4fb515eb81c8faf5655030a4968e5ef38"}
,"C:\\Users\\ibrai\\BYU-online\\cse341-team-project\\FinalProject-BookManager\\routes\\routes.js": {"path":"C:\\Users\\ibrai\\BYU-online\\cse341-team-project\\FinalProject-BookManager\\routes\\routes.js","statementMap":{"0":{"start":{"line":1,"column":18},"end":{"line":1,"column":47}},"1":{"start":{"line":2,"column":15},"end":{"line":2,"column":42}},"2":{"start":{"line":3,"column":19},"end":{"line":3,"column":55}},"3":{"start":{"line":6,"column":0},"end":{"line":6,"column":38}},"4":{"start":{"line":8,"column":0},"end":{"line":8,"column":55}},"5":{"start":{"line":11,"column":0},"end":{"line":11,"column":51}},"6":{"start":{"line":13,"column":0},"end":{"line":13,"column":78}},"7":{"start":{"line":15,"column":0},"end":{"line":15,"column":70}},"8":{"start":{"line":17,"column":0},"end":{"line":17,"column":65}},"9":{"start":{"line":19,"column":0},"end":{"line":19,"column":66}},"10":{"start":{"line":21,"column":0},"end":{"line":21,"column":69}},"11":{"start":{"line":32,"column":0},"end":{"line":32,"column":24}}},"fnMap":{},"branchMap":{},"s":{"0":1,"1":1,"2":1,"3":1,"4":1,"5":1,"6":1,"7":1,"8":1,"9":1,"10":1,"11":1},"f":{},"b":{},"_coverageSchema":"1a1c01bbd47fc00a2c39e90264f33305004495a9","hash":"4d850bad2edd057f42da480d5d4e0d57076c4d29"}
,"C:\\Users\\ibrai\\BYU-online\\cse341-team-project\\FinalProject-BookManager\\routes\\swagger.js": {"path":"C:\\Users\\ibrai\\BYU-online\\cse341-team-project\\FinalProject-BookManager\\routes\\swagger.js","statementMap":{"0":{"start":{"line":1,"column":15},"end":{"line":1,"column":42}},"1":{"start":{"line":2,"column":18},"end":{"line":2,"column":47}},"2":{"start":{"line":3,"column":24},"end":{"line":3,"column":50}},"3":{"start":{"line":5,"column":0},"end":{"line":5,"column":40}},"4":{"start":{"line":6,"column":0},"end":{"line":6,"column":56}},"5":{"start":{"line":8,"column":0},"end":{"line":8,"column":24}}},"fnMap":{},"branchMap":{},"s":{"0":1,"1":1,"2":1,"3":1,"4":1,"5":1},"f":{},"b":{},"_coverageSchema":"1a1c01bbd47fc00a2c39e90264f33305004495a9","hash":"0ce3d5bdbec03496ec2a118e2e367b4b71cf62b0"}
,"C:\\Users\\ibrai\\BYU-online\\cse341-team-project\\FinalProject-BookManager\\utils\\utils.js": {"path":"C:\\Users\\ibrai\\BYU-online\\cse341-team-project\\FinalProject-BookManager\\utils\\utils.js","statementMap":{"0":{"start":{"line":2,"column":12},"end":{"line":2,"column":22}},"1":{"start":{"line":3,"column":16},"end":{"line":3,"column":39}},"2":{"start":{"line":4,"column":14},"end":{"line":4,"column":30}},"3":{"start":{"line":5,"column":15},"end":{"line":5,"column":30}},"4":{"start":{"line":7,"column":4},"end":{"line":8,"column":28}},"5":{"start":{"line":8,"column":8},"end":{"line":8,"column":28}},"6":{"start":{"line":9,"column":4},"end":{"line":10,"column":24}},"7":{"start":{"line":10,"column":8},"end":{"line":10,"column":24}},"8":{"start":{"line":12,"column":4},"end":{"line":12,"column":40}},"9":{"start":{"line":17,"column":4},"end":{"line":17,"column":28}},"10":{"start":{"line":18,"column":21},"end":{"line":18,"column":23}},"11":{"start":{"line":19,"column":4},"end":{"line":26,"column":5}},"12":{"start":{"line":20,"column":8},"end":{"line":20,"column":31}},"13":{"start":{"line":21,"column":8},"end":{"line":25,"column":9}},"14":{"start":{"line":22,"column":12},"end":{"line":22,"column":31}},"15":{"start":{"line":24,"column":12},"end":{"line":24,"column":33}},"16":{"start":{"line":27,"column":4},"end":{"line":27,"column":41}},"17":{"start":{"line":28,"column":4},"end":{"line":32,"column":5}},"18":{"start":{"line":29,"column":8},"end":{"line":29,"column":19}},"19":{"start":{"line":31,"column":8},"end":{"line":31,"column":20}},"20":{"start":{"line":38,"column":0},"end":{"line":41,"column":4}}},"fnMap":{"0":{"name":"formatDate","decl":{"start":{"line":1,"column":9},"end":{"line":1,"column":19}},"loc":{"start":{"line":1,"column":22},"end":{"line":13,"column":1}},"line":1},"1":{"name":"checkEmptyFields","decl":{"start":{"line":15,"column":9},"end":{"line":15,"column":25}},"loc":{"start":{"line":15,"column":31},"end":{"line":33,"column":1}},"line":15}},"branchMap":{"0":{"loc":{"start":{"line":7,"column":4},"end":{"line":8,"column":28}},"type":"if","locations":[{"start":{"line":7,"column":4},"end":{"line":8,"column":28}},{"start":{},"end":{}}],"line":7},"1":{"loc":{"start":{"line":9,"column":4},"end":{"line":10,"column":24}},"type":"if","locations":[{"start":{"line":9,"column":4},"end":{"line":10,"column":24}},{"start":{},"end":{}}],"line":9},"2":{"loc":{"start":{"line":21,"column":8},"end":{"line":25,"column":9}},"type":"if","locations":[{"start":{"line":21,"column":8},"end":{"line":25,"column":9}},{"start":{"line":23,"column":13},"end":{"line":25,"column":9}}],"line":21},"3":{"loc":{"start":{"line":28,"column":4},"end":{"line":32,"column":5}},"type":"if","locations":[{"start":{"line":28,"column":4},"end":{"line":32,"column":5}},{"start":{"line":30,"column":9},"end":{"line":32,"column":5}}],"line":28}},"s":{"0":0,"1":0,"2":0,"3":0,"4":0,"5":0,"6":0,"7":0,"8":0,"9":0,"10":0,"11":0,"12":0,"13":0,"14":0,"15":0,"16":0,"17":0,"18":0,"19":0,"20":1},"f":{"0":0,"1":0},"b":{"0":[0,0],"1":[0,0],"2":[0,0],"3":[0,0]},"_coverageSchema":"1a1c01bbd47fc00a2c39e90264f33305004495a9","hash":"6dd18f8795efa5f96d7475faed3938bfe598b4dc"}
}
