{"C:\\Users\\ibrai\\BYU-online\\cse341-team-project\\FinalProject-BookManager\\app.js": {"path":"C:\\Users\\ibrai\\BYU-online\\cse341-team-project\\FinalProject-BookManager\\app.js","statementMap":{"0":{"start":{"line":1,"column":16},"end":{"line":1,"column":34}},"1":{"start":{"line":2,"column":19},"end":{"line":2,"column":41}},"2":{"start":{"line":4,"column":15},"end":{"line":4,"column":24}},"3":{"start":{"line":6,"column":0},"end":{"line":12,"column":30}},"4":{"start":{"line":9,"column":2},"end":{"line":9,"column":51}},"5":{"start":{"line":10,"column":2},"end":{"line":10,"column":9}},"6":{"start":{"line":14,"column":0},"end":{"line":14,"column":24}}},"fnMap":{"0":{"name":"(anonymous_0)","decl":{"start":{"line":8,"column":5},"end":{"line":8,"column":6}},"loc":{"start":{"line":8,"column":25},"end":{"line":11,"column":1}},"line":8}},"branchMap":{},"s":{"0":1,"1":1,"2":1,"3":1,"4":2,"5":2,"6":1},"f":{"0":2},"b":{},"_coverageSchema":"1a1c01bbd47fc00a2c39e90264f33305004495a9","hash":"2eb7b0f21d71ac5101f238fffc6fe67257c87426"}
,"C:\\Users\\ibrai\\BYU-online\\cse341-team-project\\FinalProject-BookManager\\controllers\\controller.js": {"path":"C:\\Users\\ibrai\\BYU-online\\cse341-team-project\\FinalProject-BookManager\\controllers\\controller.js","statementMap":{"0":{"start":{"line":2,"column":0},"end":{"line":2,"column":27}},"1":{"start":{"line":3,"column":14},"end":{"line":3,"column":30}},"2":{"start":{"line":4,"column":16},"end":{"line":4,"column":43}},"3":{"start":{"line":5,"column":17},"end":{"line":5,"column":44}},"4":{"start":{"line":6,"column":14},"end":{"line":6,"column":39}},"5":{"start":{"line":9,"column":15},"end":{"line":20,"column":1}},"6":{"start":{"line":10,"column":2},"end":{"line":19,"column":3}},"7":{"start":{"line":11,"column":2},"end":{"line":11,"column":20}},"8":{"start":{"line":12,"column":17},"end":{"line":12,"column":83}},"9":{"start":{"line":13,"column":2},"end":{"line":16,"column":5}},"10":{"start":{"line":14,"column":4},"end":{"line":14,"column":54}},"11":{"start":{"line":15,"column":4},"end":{"line":15,"column":32}},"12":{"start":{"line":18,"column":4},"end":{"line":18,"column":30}},"13":{"start":{"line":22,"column":21},"end":{"line":35,"column":1}},"14":{"start":{"line":24,"column":2},"end":{"line":34,"column":3}},"15":{"start":{"line":25,"column":24},"end":{"line":25,"column":33}},"16":{"start":{"line":26,"column":2},"end":{"line":26,"column":26}},"17":{"start":{"line":27,"column":17},"end":{"line":27,"column":96}},"18":{"start":{"line":28,"column":2},"end":{"line":31,"column":5}},"19":{"start":{"line":29,"column":4},"end":{"line":29,"column":54}},"20":{"start":{"line":30,"column":4},"end":{"line":30,"column":32}},"21":{"start":{"line":33,"column":4},"end":{"line":33,"column":30}},"22":{"start":{"line":37,"column":18},"end":{"line":53,"column":1}},"23":{"start":{"line":38,"column":2},"end":{"line":52,"column":1}},"24":{"start":{"line":39,"column":2},"end":{"line":39,"column":23}},"25":{"start":{"line":40,"column":17},"end":{"line":40,"column":44}},"26":{"start":{"line":41,"column":17},"end":{"line":45,"column":26}},"27":{"start":{"line":46,"column":2},"end":{"line":49,"column":5}},"28":{"start":{"line":47,"column":4},"end":{"line":47,"column":54}},"29":{"start":{"line":48,"column":4},"end":{"line":48,"column":35}},"30":{"start":{"line":51,"column":2},"end":{"line":51,"column":28}},"31":{"start":{"line":55,"column":23},"end":{"line":90,"column":1}},"32":{"start":{"line":56,"column":0},"end":{"line":89,"column":1}},"33":{"start":{"line":57,"column":2},"end":{"line":60,"column":3}},"34":{"start":{"line":58,"column":4},"end":{"line":58,"column":67}},"35":{"start":{"line":59,"column":4},"end":{"line":59,"column":11}},"36":{"start":{"line":61,"column":2},"end":{"line":64,"column":3}},"37":{"start":{"line":62,"column":4},"end":{"line":62,"column":60}},"38":{"start":{"line":63,"column":4},"end":{"line":63,"column":11}},"39":{"start":{"line":68,"column":2},"end":{"line":68,"column":36}},"40":{"start":{"line":69,"column":2},"end":{"line":69,"column":31}},"41":{"start":{"line":70,"column":19},"end":{"line":79,"column":3}},"42":{"start":{"line":81,"column":19},"end":{"line":81,"column":103}},"43":{"start":{"line":82,"column":2},"end":{"line":86,"column":3}},"44":{"start":{"line":83,"column":4},"end":{"line":83,"column":35}},"45":{"start":{"line":85,"column":4},"end":{"line":85,"column":95}},"46":{"start":{"line":88,"column":2},"end":{"line":88,"column":28}},"47":{"start":{"line":92,"column":23},"end":{"line":133,"column":1}},"48":{"start":{"line":94,"column":2},"end":{"line":132,"column":1}},"49":{"start":{"line":97,"column":2},"end":{"line":100,"column":3}},"50":{"start":{"line":98,"column":4},"end":{"line":98,"column":67}},"51":{"start":{"line":99,"column":4},"end":{"line":99,"column":11}},"52":{"start":{"line":101,"column":2},"end":{"line":104,"column":3}},"53":{"start":{"line":102,"column":4},"end":{"line":102,"column":60}},"54":{"start":{"line":103,"column":4},"end":{"line":103,"column":11}},"55":{"start":{"line":106,"column":17},"end":{"line":106,"column":44}},"56":{"start":{"line":108,"column":19},"end":{"line":117,"column":3}},"57":{"start":{"line":118,"column":19},"end":{"line":122,"column":49}},"58":{"start":{"line":123,"column":2},"end":{"line":123,"column":24}},"59":{"start":{"line":124,"column":2},"end":{"line":128,"column":3}},"60":{"start":{"line":125,"column":4},"end":{"line":125,"column":27}},"61":{"start":{"line":127,"column":4},"end":{"line":127,"column":94}},"62":{"start":{"line":131,"column":2},"end":{"line":131,"column":28}},"63":{"start":{"line":135,"column":23},"end":{"line":149,"column":1}},"64":{"start":{"line":136,"column":2},"end":{"line":148,"column":1}},"65":{"start":{"line":137,"column":17},"end":{"line":137,"column":44}},"66":{"start":{"line":138,"column":2},"end":{"line":138,"column":21}},"67":{"start":{"line":139,"column":19},"end":{"line":139,"column":116}},"68":{"start":{"line":140,"column":2},"end":{"line":140,"column":24}},"69":{"start":{"line":141,"column":2},"end":{"line":145,"column":3}},"70":{"start":{"line":142,"column":4},"end":{"line":142,"column":27}},"71":{"start":{"line":144,"column":4},"end":{"line":144,"column":94}},"72":{"start":{"line":147,"column":2},"end":{"line":147,"column":28}},"73":{"start":{"line":152,"column":14},"end":{"line":156,"column":1}},"74":{"start":{"line":153,"column":4},"end":{"line":155,"column":6}},"75":{"start":{"line":159,"column":15},"end":{"line":159,"column":29}},"76":{"start":{"line":160,"column":15},"end":{"line":164,"column":3}},"77":{"start":{"line":165,"column":15},"end":{"line":165,"column":58}},"78":{"start":{"line":166,"column":19},"end":{"line":166,"column":94}},"79":{"start":{"line":167,"column":2},"end":{"line":167,"column":23}},"80":{"start":{"line":168,"column":2},"end":{"line":168,"column":30}},"81":{"start":{"line":171,"column":22},"end":{"line":186,"column":1}},"82":{"start":{"line":175,"column":13},"end":{"line":175,"column":27}},"83":{"start":{"line":176,"column":13},"end":{"line":180,"column":1}},"84":{"start":{"line":181,"column":13},"end":{"line":181,"column":56}},"85":{"start":{"line":182,"column":17},"end":{"line":182,"column":92}},"86":{"start":{"line":184,"column":0},"end":{"line":184,"column":50}},"87":{"start":{"line":190,"column":19},"end":{"line":190,"column":32}},"88":{"start":{"line":191,"column":2},"end":{"line":204,"column":3}},"89":{"start":{"line":192,"column":4},"end":{"line":192,"column":25}},"90":{"start":{"line":193,"column":19},"end":{"line":197,"column":30}},"91":{"start":{"line":198,"column":4},"end":{"line":201,"column":7}},"92":{"start":{"line":199,"column":6},"end":{"line":199,"column":56}},"93":{"start":{"line":200,"column":6},"end":{"line":200,"column":37}},"94":{"start":{"line":203,"column":4},"end":{"line":203,"column":30}},"95":{"start":{"line":210,"column":0},"end":{"line":220,"column":2}}},"fnMap":{"0":{"name":"(anonymous_0)","decl":{"start":{"line":9,"column":15},"end":{"line":9,"column":16}},"loc":{"start":{"line":9,"column":41},"end":{"line":20,"column":1}},"line":9},"1":{"name":"(anonymous_1)","decl":{"start":{"line":13,"column":24},"end":{"line":13,"column":25}},"loc":{"start":{"line":13,"column":35},"end":{"line":16,"column":3}},"line":13},"2":{"name":"(anonymous_2)","decl":{"start":{"line":22,"column":21},"end":{"line":22,"column":22}},"loc":{"start":{"line":22,"column":47},"end":{"line":35,"column":1}},"line":22},"3":{"name":"(anonymous_3)","decl":{"start":{"line":28,"column":24},"end":{"line":28,"column":25}},"loc":{"start":{"line":28,"column":35},"end":{"line":31,"column":3}},"line":28},"4":{"name":"(anonymous_4)","decl":{"start":{"line":37,"column":18},"end":{"line":37,"column":19}},"loc":{"start":{"line":37,"column":44},"end":{"line":53,"column":1}},"line":37},"5":{"name":"(anonymous_5)","decl":{"start":{"line":46,"column":24},"end":{"line":46,"column":25}},"loc":{"start":{"line":46,"column":35},"end":{"line":49,"column":3}},"line":46},"6":{"name":"(anonymous_6)","decl":{"start":{"line":55,"column":23},"end":{"line":55,"column":24}},"loc":{"start":{"line":55,"column":43},"end":{"line":90,"column":1}},"line":55},"7":{"name":"(anonymous_7)","decl":{"start":{"line":92,"column":23},"end":{"line":92,"column":24}},"loc":{"start":{"line":92,"column":43},"end":{"line":133,"column":1}},"line":92},"8":{"name":"(anonymous_8)","decl":{"start":{"line":135,"column":23},"end":{"line":135,"column":24}},"loc":{"start":{"line":135,"column":43},"end":{"line":149,"column":1}},"line":135},"9":{"name":"(anonymous_9)","decl":{"start":{"line":152,"column":14},"end":{"line":152,"column":15}},"loc":{"start":{"line":152,"column":31},"end":{"line":156,"column":1}},"line":152},"10":{"name":"receive","decl":{"start":{"line":158,"column":15},"end":{"line":158,"column":22}},"loc":{"start":{"line":158,"column":33},"end":{"line":169,"column":1}},"line":158},"11":{"name":"(anonymous_11)","decl":{"start":{"line":171,"column":22},"end":{"line":171,"column":23}},"loc":{"start":{"line":171,"column":40},"end":{"line":186,"column":1}},"line":171},"12":{"name":"findContent","decl":{"start":{"line":189,"column":15},"end":{"line":189,"column":26}},"loc":{"start":{"line":189,"column":36},"end":{"line":206,"column":1}},"line":189},"13":{"name":"(anonymous_13)","decl":{"start":{"line":198,"column":26},"end":{"line":198,"column":27}},"loc":{"start":{"line":198,"column":37},"end":{"line":201,"column":5}},"line":198}},"branchMap":{"0":{"loc":{"start":{"line":57,"column":2},"end":{"line":60,"column":3}},"type":"if","locations":[{"start":{"line":57,"column":2},"end":{"line":60,"column":3}},{"start":{},"end":{}}],"line":57},"1":{"loc":{"start":{"line":61,"column":2},"end":{"line":64,"column":3}},"type":"if","locations":[{"start":{"line":61,"column":2},"end":{"line":64,"column":3}},{"start":{},"end":{}}],"line":61},"2":{"loc":{"start":{"line":82,"column":2},"end":{"line":86,"column":3}},"type":"if","locations":[{"start":{"line":82,"column":2},"end":{"line":86,"column":3}},{"start":{"line":84,"column":9},"end":{"line":86,"column":3}}],"line":82},"3":{"loc":{"start":{"line":85,"column":25},"end":{"line":85,"column":93}},"type":"binary-expr","locations":[{"start":{"line":85,"column":25},"end":{"line":85,"column":39}},{"start":{"line":85,"column":43},"end":{"line":85,"column":93}}],"line":85},"4":{"loc":{"start":{"line":97,"column":2},"end":{"line":100,"column":3}},"type":"if","locations":[{"start":{"line":97,"column":2},"end":{"line":100,"column":3}},{"start":{},"end":{}}],"line":97},"5":{"loc":{"start":{"line":101,"column":2},"end":{"line":104,"column":3}},"type":"if","locations":[{"start":{"line":101,"column":2},"end":{"line":104,"column":3}},{"start":{},"end":{}}],"line":101},"6":{"loc":{"start":{"line":124,"column":2},"end":{"line":128,"column":3}},"type":"if","locations":[{"start":{"line":124,"column":2},"end":{"line":128,"column":3}},{"start":{"line":126,"column":9},"end":{"line":128,"column":3}}],"line":124},"7":{"loc":{"start":{"line":127,"column":25},"end":{"line":127,"column":92}},"type":"binary-expr","locations":[{"start":{"line":127,"column":25},"end":{"line":127,"column":39}},{"start":{"line":127,"column":43},"end":{"line":127,"column":92}}],"line":127},"8":{"loc":{"start":{"line":141,"column":2},"end":{"line":145,"column":3}},"type":"if","locations":[{"start":{"line":141,"column":2},"end":{"line":145,"column":3}},{"start":{"line":143,"column":9},"end":{"line":145,"column":3}}],"line":141},"9":{"loc":{"start":{"line":144,"column":25},"end":{"line":144,"column":92}},"type":"binary-expr","locations":[{"start":{"line":144,"column":25},"end":{"line":144,"column":39}},{"start":{"line":144,"column":43},"end":{"line":144,"column":92}}],"line":144}},"s":{"0":1,"1":1,"2":1,"3":1,"4":1,"5":1,"6":2,"7":2,"8":2,"9":0,"10":0,"11":0,"12":2,"13":1,"14":0,"15":0,"16":0,"17":0,"18":0,"19":0,"20":0,"21":0,"22":1,"23":0,"24":0,"25":0,"26":0,"27":0,"28":0,"29":0,"30":0,"31":1,"32":0,"33":0,"34":0,"35":0,"36":0,"37":0,"38":0,"39":0,"40":0,"41":0,"42":0,"43":0,"44":0,"45":0,"46":0,"47":1,"48":0,"49":0,"50":0,"51":0,"52":0,"53":0,"54":0,"55":0,"56":0,"57":0,"58":0,"59":0,"60":0,"61":0,"62":0,"63":1,"64":0,"65":0,"66":0,"67":0,"68":0,"69":0,"70":0,"71":0,"72":0,"73":1,"74":0,"75":0,"76":0,"77":0,"78":0,"79":0,"80":0,"81":1,"82":0,"83":0,"84":0,"85":0,"86":0,"87":0,"88":0,"89":0,"90":0,"91":0,"92":0,"93":0,"94":0,"95":1},"f":{"0":2,"1":0,"2":0,"3":0,"4":0,"5":0,"6":0,"7":0,"8":0,"9":0,"10":0,"11":0,"12":0,"13":0},"b":{"0":[0,0],"1":[0,0],"2":[0,0],"3":[0,0],"4":[0,0],"5":[0,0],"6":[0,0],"7":[0,0],"8":[0,0],"9":[0,0]},"_coverageSchema":"1a1c01bbd47fc00a2c39e90264f33305004495a9","hash":"f9901df30476a7b33bc25f6319efde027e731e0d"}
,"C:\\Users\\ibrai\\BYU-online\\cse341-team-project\\FinalProject-BookManager\\db\\connection.js": {"path":"C:\\Users\\ibrai\\BYU-online\\cse341-team-project\\FinalProject-BookManager\\db\\connection.js","statementMap":{"0":{"start":{"line":1,"column":20},"end":{"line":1,"column":50}},"1":{"start":{"line":2,"column":15},"end":{"line":2,"column":41}},"2":{"start":{"line":8,"column":15},"end":{"line":21,"column":3}},"3":{"start":{"line":9,"column":4},"end":{"line":12,"column":5}},"4":{"start":{"line":10,"column":6},"end":{"line":10,"column":48}},"5":{"start":{"line":11,"column":6},"end":{"line":11,"column":33}},"6":{"start":{"line":13,"column":4},"end":{"line":20,"column":9}},"7":{"start":{"line":15,"column":8},"end":{"line":15,"column":21}},"8":{"start":{"line":16,"column":8},"end":{"line":16,"column":28}},"9":{"start":{"line":19,"column":8},"end":{"line":19,"column":22}},"10":{"start":{"line":23,"column":16},"end":{"line":28,"column":3}},"11":{"start":{"line":24,"column":4},"end":{"line":26,"column":5}},"12":{"start":{"line":25,"column":6},"end":{"line":25,"column":40}},"13":{"start":{"line":27,"column":4},"end":{"line":27,"column":15}},"14":{"start":{"line":30,"column":2},"end":{"line":33,"column":4}}},"fnMap":{"0":{"name":"(anonymous_0)","decl":{"start":{"line":8,"column":15},"end":{"line":8,"column":16}},"loc":{"start":{"line":8,"column":29},"end":{"line":21,"column":3}},"line":8},"1":{"name":"(anonymous_1)","decl":{"start":{"line":14,"column":12},"end":{"line":14,"column":13}},"loc":{"start":{"line":14,"column":24},"end":{"line":17,"column":7}},"line":14},"2":{"name":"(anonymous_2)","decl":{"start":{"line":18,"column":13},"end":{"line":18,"column":14}},"loc":{"start":{"line":18,"column":22},"end":{"line":20,"column":7}},"line":18},"3":{"name":"(anonymous_3)","decl":{"start":{"line":23,"column":16},"end":{"line":23,"column":17}},"loc":{"start":{"line":23,"column":22},"end":{"line":28,"column":3}},"line":23}},"branchMap":{"0":{"loc":{"start":{"line":9,"column":4},"end":{"line":12,"column":5}},"type":"if","locations":[{"start":{"line":9,"column":4},"end":{"line":12,"column":5}},{"start":{},"end":{}}],"line":9},"1":{"loc":{"start":{"line":24,"column":4},"end":{"line":26,"column":5}},"type":"if","locations":[{"start":{"line":24,"column":4},"end":{"line":26,"column":5}},{"start":{},"end":{}}],"line":24}},"s":{"0":1,"1":1,"2":1,"3":0,"4":0,"5":0,"6":0,"7":0,"8":0,"9":0,"10":1,"11":2,"12":2,"13":0,"14":1},"f":{"0":0,"1":0,"2":0,"3":2},"b":{"0":[0,0],"1":[2,0]},"_coverageSchema":"1a1c01bbd47fc00a2c39e90264f33305004495a9","hash":"34aba49c3af180a50064e175742fd1326ff86920"}
,"C:\\Users\\ibrai\\BYU-online\\cse341-team-project\\FinalProject-BookManager\\middleware\\auth.js": {"path":"C:\\Users\\ibrai\\BYU-online\\cse341-team-project\\FinalProject-BookManager\\middleware\\auth.js","statementMap":{"0":{"start":{"line":1,"column":14},"end":{"line":1,"column":30}},"1":{"start":{"line":4,"column":2},"end":{"line":12,"column":3}},"2":{"start":{"line":5,"column":18},"end":{"line":5,"column":43}},"3":{"start":{"line":6,"column":17},"end":{"line":6,"column":48}},"4":{"start":{"line":7,"column":21},"end":{"line":7,"column":73}},"5":{"start":{"line":8,"column":4},"end":{"line":8,"column":30}},"6":{"start":{"line":9,"column":4},"end":{"line":9,"column":10}},"7":{"start":{"line":11,"column":4},"end":{"line":11,"column":57}},"8":{"start":{"line":15,"column":0},"end":{"line":17,"column":1}}},"fnMap":{"0":{"name":"auth","decl":{"start":{"line":3,"column":15},"end":{"line":3,"column":19}},"loc":{"start":{"line":3,"column":35},"end":{"line":13,"column":1}},"line":3}},"branchMap":{},"s":{"0":1,"1":0,"2":0,"3":0,"4":0,"5":0,"6":0,"7":0,"8":1},"f":{"0":0},"b":{},"_coverageSchema":"1a1c01bbd47fc00a2c39e90264f33305004495a9","hash":"0145d184a57fcc5248ad5970e5dd27bb0746ab1b"}
,"C:\\Users\\ibrai\\BYU-online\\cse341-team-project\\FinalProject-BookManager\\routes\\index.js": {"path":"C:\\Users\\ibrai\\BYU-online\\cse341-team-project\\FinalProject-BookManager\\routes\\index.js","statementMap":{"0":{"start":{"line":1,"column":16},"end":{"line":1,"column":34}},"1":{"start":{"line":2,"column":15},"end":{"line":2,"column":31}},"2":{"start":{"line":3,"column":0},"end":{"line":3,"column":36}},"3":{"start":{"line":4,"column":0},"end":{"line":4,"column":45}},"4":{"start":{"line":6,"column":0},"end":{"line":6,"column":24}}},"fnMap":{},"branchMap":{},"s":{"0":1,"1":1,"2":1,"3":1,"4":1},"f":{},"b":{},"_coverageSchema":"1a1c01bbd47fc00a2c39e90264f33305004495a9","hash":"9862f1e4fb515eb81c8faf5655030a4968e5ef38"}
,"C:\\Users\\ibrai\\BYU-online\\cse341-team-project\\FinalProject-BookManager\\routes\\routes.js": {"path":"C:\\Users\\ibrai\\BYU-online\\cse341-team-project\\FinalProject-BookManager\\routes\\routes.js","statementMap":{"0":{"start":{"line":1,"column":18},"end":{"line":1,"column":47}},"1":{"start":{"line":2,"column":15},"end":{"line":2,"column":42}},"2":{"start":{"line":3,"column":19},"end":{"line":3,"column":55}},"3":{"start":{"line":6,"column":0},"end":{"line":6,"column":38}},"4":{"start":{"line":8,"column":0},"end":{"line":8,"column":55}},"5":{"start":{"line":11,"column":0},"end":{"line":11,"column":43}},"6":{"start":{"line":13,"column":0},"end":{"line":13,"column":78}},"7":{"start":{"line":15,"column":0},"end":{"line":15,"column":67}},"8":{"start":{"line":17,"column":0},"end":{"line":17,"column":57}},"9":{"start":{"line":19,"column":0},"end":{"line":19,"column":59}},"10":{"start":{"line":21,"column":0},"end":{"line":21,"column":61}},"11":{"start":{"line":23,"column":0},"end":{"line":23,"column":64}},"12":{"start":{"line":26,"column":0},"end":{"line":26,"column":24}}},"fnMap":{},"branchMap":{},"s":{"0":1,"1":1,"2":1,"3":1,"4":1,"5":1,"6":1,"7":1,"8":1,"9":1,"10":1,"11":1,"12":1},"f":{},"b":{},"_coverageSchema":"1a1c01bbd47fc00a2c39e90264f33305004495a9","hash":"9edda6b368aa28fb14e977247f1a991a15e36ef6"}
,"C:\\Users\\ibrai\\BYU-online\\cse341-team-project\\FinalProject-BookManager\\routes\\swagger.js": {"path":"C:\\Users\\ibrai\\BYU-online\\cse341-team-project\\FinalProject-BookManager\\routes\\swagger.js","statementMap":{"0":{"start":{"line":1,"column":15},"end":{"line":1,"column":42}},"1":{"start":{"line":2,"column":18},"end":{"line":2,"column":47}},"2":{"start":{"line":3,"column":24},"end":{"line":3,"column":50}},"3":{"start":{"line":5,"column":0},"end":{"line":5,"column":40}},"4":{"start":{"line":6,"column":0},"end":{"line":6,"column":56}},"5":{"start":{"line":8,"column":0},"end":{"line":8,"column":24}}},"fnMap":{},"branchMap":{},"s":{"0":1,"1":1,"2":1,"3":1,"4":1,"5":1},"f":{},"b":{},"_coverageSchema":"1a1c01bbd47fc00a2c39e90264f33305004495a9","hash":"0ce3d5bdbec03496ec2a118e2e367b4b71cf62b0"}
,"C:\\Users\\ibrai\\BYU-online\\cse341-team-project\\FinalProject-BookManager\\utils\\utils.js": {"path":"C:\\Users\\ibrai\\BYU-online\\cse341-team-project\\FinalProject-BookManager\\utils\\utils.js","statementMap":{"0":{"start":{"line":2,"column":12},"end":{"line":2,"column":22}},"1":{"start":{"line":3,"column":16},"end":{"line":3,"column":39}},"2":{"start":{"line":4,"column":14},"end":{"line":4,"column":30}},"3":{"start":{"line":5,"column":15},"end":{"line":5,"column":30}},"4":{"start":{"line":7,"column":4},"end":{"line":8,"column":28}},"5":{"start":{"line":8,"column":8},"end":{"line":8,"column":28}},"6":{"start":{"line":9,"column":4},"end":{"line":10,"column":24}},"7":{"start":{"line":10,"column":8},"end":{"line":10,"column":24}},"8":{"start":{"line":12,"column":4},"end":{"line":12,"column":40}},"9":{"start":{"line":17,"column":4},"end":{"line":17,"column":28}},"10":{"start":{"line":18,"column":21},"end":{"line":18,"column":23}},"11":{"start":{"line":19,"column":4},"end":{"line":26,"column":5}},"12":{"start":{"line":20,"column":8},"end":{"line":20,"column":31}},"13":{"start":{"line":21,"column":8},"end":{"line":25,"column":9}},"14":{"start":{"line":22,"column":12},"end":{"line":22,"column":31}},"15":{"start":{"line":24,"column":12},"end":{"line":24,"column":33}},"16":{"start":{"line":27,"column":4},"end":{"line":27,"column":41}},"17":{"start":{"line":28,"column":4},"end":{"line":32,"column":5}},"18":{"start":{"line":29,"column":8},"end":{"line":29,"column":19}},"19":{"start":{"line":31,"column":8},"end":{"line":31,"column":20}},"20":{"start":{"line":37,"column":14},"end":{"line":37,"column":154}},"21":{"start":{"line":39,"column":0},"end":{"line":43,"column":4}}},"fnMap":{"0":{"name":"formatDate","decl":{"start":{"line":1,"column":9},"end":{"line":1,"column":19}},"loc":{"start":{"line":1,"column":22},"end":{"line":13,"column":1}},"line":1},"1":{"name":"checkEmptyFields","decl":{"start":{"line":15,"column":9},"end":{"line":15,"column":25}},"loc":{"start":{"line":15,"column":31},"end":{"line":33,"column":1}},"line":15}},"branchMap":{"0":{"loc":{"start":{"line":7,"column":4},"end":{"line":8,"column":28}},"type":"if","locations":[{"start":{"line":7,"column":4},"end":{"line":8,"column":28}},{"start":{},"end":{}}],"line":7},"1":{"loc":{"start":{"line":9,"column":4},"end":{"line":10,"column":24}},"type":"if","locations":[{"start":{"line":9,"column":4},"end":{"line":10,"column":24}},{"start":{},"end":{}}],"line":9},"2":{"loc":{"start":{"line":21,"column":8},"end":{"line":25,"column":9}},"type":"if","locations":[{"start":{"line":21,"column":8},"end":{"line":25,"column":9}},{"start":{"line":23,"column":13},"end":{"line":25,"column":9}}],"line":21},"3":{"loc":{"start":{"line":28,"column":4},"end":{"line":32,"column":5}},"type":"if","locations":[{"start":{"line":28,"column":4},"end":{"line":32,"column":5}},{"start":{"line":30,"column":9},"end":{"line":32,"column":5}}],"line":28}},"s":{"0":0,"1":0,"2":0,"3":0,"4":0,"5":0,"6":0,"7":0,"8":0,"9":0,"10":0,"11":0,"12":0,"13":0,"14":0,"15":0,"16":0,"17":0,"18":0,"19":0,"20":1,"21":1},"f":{"0":0,"1":0},"b":{"0":[0,0],"1":[0,0],"2":[0,0],"3":[0,0]},"_coverageSchema":"1a1c01bbd47fc00a2c39e90264f33305004495a9","hash":"3bf1b537368a0cedf0ceff212651dcef7ac98af7"}
}
